# JRE version: Java(TM) SE Runtime Environment (8.0_60-b27) (build 1.8.0_60-b27)
# Java VM: Java HotSpot(TM) Client VM (25.60-b23 mixed mode windows-x86 )
Heap:
 def new generation   total 17856K, used 1920K [0x03c00000, 0x04f50000, 0x19150000)
  eden space 15936K,   0% used [0x03c00000, 0x03c00000, 0x04b90000)
  from space 1920K, 100% used [0x04b90000, 0x04d70000, 0x04d70000)
  to   space 1920K,   0% used [0x04d70000, 0x04d70000, 0x04f50000)
 tenured generation   total 40456K, used 40449K [0x19150000, 0x1b8d2000, 0x43c00000)
   the space 40456K,  99% used [0x19150000, 0x1b8d0608, 0x1b8d0800, 0x1b8d2000)
 Metaspace       used 33281K, capacity 34440K, committed 34560K, reserved 35200K
GC Heap History (10 events):
Event: 60.314 GC heap after
Heap after GC invocations=92 (full 4):
 def new generation   total 17856K, used 1920K [0x03c00000, 0x04f50000, 0x19150000)
  eden space 15936K,   0% used [0x03c00000, 0x03c00000, 0x04b90000)
  from space 1920K, 100% used [0x04d70000, 0x04f50000, 0x04f50000)
  to   space 1920K,   0% used [0x04b90000, 0x04b90000, 0x04d70000)
 tenured generation   total 39432K, used 34356K [0x19150000, 0x1b7d2000, 0x43c00000)
   the space 39432K,  87% used [0x19150000, 0x1b2dd348, 0x1b2dd400, 0x1b7d2000)
 Metaspace       used 30745K, capacity 31796K, committed 31872K, reserved 32128K
}
Event: 65.280 GC heap before
{Heap before GC invocations=92 (full 4):
 def new generation   total 17856K, used 17856K [0x03c00000, 0x04f50000, 0x19150000)
  eden space 15936K, 100% used [0x03c00000, 0x04b90000, 0x04b90000)
  from space 1920K, 100% used [0x04d70000, 0x04f50000, 0x04f50000)
  to   space 1920K,   0% used [0x04b90000, 0x04b90000, 0x04d70000)
 tenured generation   total 39432K, used 34356K [0x19150000, 0x1b7d2000, 0x43c00000)
   the space 39432K,  87% used [0x19150000, 0x1b2dd348, 0x1b2dd400, 0x1b7d2000)
 Metaspace       used 32033K, capacity 33204K, committed 33280K, reserved 34176K
Event: 65.295 GC heap after
Heap after GC invocations=93 (full 4):
 def new generation   total 17856K, used 1920K [0x03c00000, 0x04f50000, 0x19150000)
  eden space 15936K,   0% used [0x03c00000, 0x03c00000, 0x04b90000)
  from space 1920K, 100% used [0x04b90000, 0x04d70000, 0x04d70000)
  to   space 1920K,   0% used [0x04d70000, 0x04d70000, 0x04f50000)
 tenured generation   total 39432K, used 36541K [0x19150000, 0x1b7d2000, 0x43c00000)
   the space 39432K,  92% used [0x19150000, 0x1b4ff7e8, 0x1b4ff800, 0x1b7d2000)
 Metaspace       used 32033K, capacity 33204K, committed 33280K, reserved 34176K
}
Event: 65.485 GC heap before
{Heap before GC invocations=93 (full 4):
 def new generation   total 17856K, used 17856K [0x03c00000, 0x04f50000, 0x19150000)
  eden space 15936K, 100% used [0x03c00000, 0x04b90000, 0x04b90000)
  from space 1920K, 100% used [0x04b90000, 0x04d70000, 0x04d70000)
  to   space 1920K,   0% used [0x04d70000, 0x04d70000, 0x04f50000)
 tenured generation   total 39432K, used 36541K [0x19150000, 0x1b7d2000, 0x43c00000)
   the space 39432K,  92% used [0x19150000, 0x1b4ff7e8, 0x1b4ff800, 0x1b7d2000)
 Metaspace       used 32035K, capacity 33206K, committed 33280K, reserved 34176K
Event: 65.494 GC heap after
Heap after GC invocations=94 (full 4):
 def new generation   total 17856K, used 585K [0x03c00000, 0x04f50000, 0x19150000)
  eden space 15936K,   0% used [0x03c00000, 0x03c00000, 0x04b90000)
  from space 1920K,  30% used [0x04d70000, 0x04e026d8, 0x04f50000)
  to   space 1920K,   0% used [0x04b90000, 0x04b90000, 0x04d70000)
 tenured generation   total 39432K, used 37508K [0x19150000, 0x1b7d2000, 0x43c00000)
   the space 39432K,  95% used [0x19150000, 0x1b5f10a0, 0x1b5f1200, 0x1b7d2000)
 Metaspace       used 32035K, capacity 33206K, committed 33280K, reserved 34176K
}
Event: 65.686 GC heap before
{Heap before GC invocations=94 (full 4):
 def new generation   total 17856K, used 16521K [0x03c00000, 0x04f50000, 0x19150000)
  eden space 15936K, 100% used [0x03c00000, 0x04b90000, 0x04b90000)
  from space 1920K,  30% used [0x04d70000, 0x04e026d8, 0x04f50000)
  to   space 1920K,   0% used [0x04b90000, 0x04b90000, 0x04d70000)
 tenured generation   total 39432K, used 37508K [0x19150000, 0x1b7d2000, 0x43c00000)
   the space 39432K,  95% used [0x19150000, 0x1b5f10a0, 0x1b5f1200, 0x1b7d2000)
 Metaspace       used 32035K, capacity 33206K, committed 33280K, reserved 34176K
Event: 65.691 GC heap after
Heap after GC invocations=95 (full 4):
 def new generation   total 17856K, used 820K [0x03c00000, 0x04f50000, 0x19150000)
  eden space 15936K,   0% used [0x03c00000, 0x03c00000, 0x04b90000)
  from space 1920K,  42% used [0x04b90000, 0x04c5d018, 0x04d70000)
  to   space 1920K,   0% used [0x04d70000, 0x04d70000, 0x04f50000)
 tenured generation   total 39432K, used 37508K [0x19150000, 0x1b7d2000, 0x43c00000)
   the space 39432K,  95% used [0x19150000, 0x1b5f10a0, 0x1b5f1200, 0x1b7d2000)
 Metaspace       used 32035K, capacity 33206K, committed 33280K, reserved 34176K
}
Event: 66.161 GC heap before
{Heap before GC invocations=95 (full 4):
 def new generation   total 17856K, used 16756K [0x03c00000, 0x04f50000, 0x19150000)
  eden space 15936K, 100% used [0x03c00000, 0x04b90000, 0x04b90000)
  from space 1920K,  42% used [0x04b90000, 0x04c5d018, 0x04d70000)
  to   space 1920K,   0% used [0x04d70000, 0x04d70000, 0x04f50000)
 tenured generation   total 39432K, used 37508K [0x19150000, 0x1b7d2000, 0x43c00000)
   the space 39432K,  95% used [0x19150000, 0x1b5f10a0, 0x1b5f1200, 0x1b7d2000)
 Metaspace       used 32061K, capacity 33231K, committed 33280K, reserved 34176K
Event: 66.178 GC heap after
Heap after GC invocations=96 (full 4):
 def new generation   total 17856K, used 1920K [0x03c00000, 0x04f50000, 0x19150000)
  eden space 15936K,   0% used [0x03c00000, 0x03c00000, 0x04b90000)
  from space 1920K, 100% used [0x04d70000, 0x04f50000, 0x04f50000)
  to   space 1920K,   0% used [0x04b90000, 0x04b90000, 0x04d70000)
 tenured generation   total 39432K, used 38350K [0x19150000, 0x1b7d2000, 0x43c00000)
   the space 39432K,  97% used [0x19150000, 0x1b6c39b8, 0x1b6c3a00, 0x1b7d2000)
 Metaspace       used 32061K, capacity 33231K, committed 33280K, reserved 34176K
}
Event: 71.374 GC heap before
{Heap before GC invocations=96 (full 4):
 def new generation   total 17856K, used 17856K [0x03c00000, 0x04f50000, 0x19150000)
  eden space 15936K, 100% used [0x03c00000, 0x04b90000, 0x04b90000)
  from space 1920K, 100% used [0x04d70000, 0x04f50000, 0x04f50000)
  to   space 1920K,   0% used [0x04b90000, 0x04b90000, 0x04d70000)
 tenured generation   total 39432K, used 38350K [0x19150000, 0x1b7d2000, 0x43c00000)
   the space 39432K,  97% used [0x19150000, 0x1b6c39b8, 0x1b6c3a00, 0x1b7d2000)
 Metaspace       used 33281K, capacity 34440K, committed 34560K, reserved 35200K

